INFO - 2023-08-14 07:32:07 --> Session: Class initialized using 'CodeIgniter\Session\Handlers\FileHandler' driver.
INFO - 2023-08-14 07:32:08 --> Session: Class initialized using 'CodeIgniter\Session\Handlers\FileHandler' driver.
INFO - 2023-08-14 07:32:20 --> Session: Class initialized using 'CodeIgniter\Session\Handlers\FileHandler' driver.
INFO - 2023-08-14 07:32:22 --> Session: Class initialized using 'CodeIgniter\Session\Handlers\FileHandler' driver.
INFO - 2023-08-14 07:32:31 --> Session: Class initialized using 'CodeIgniter\Session\Handlers\FileHandler' driver.
INFO - 2023-08-14 07:32:41 --> Session: Class initialized using 'CodeIgniter\Session\Handlers\FileHandler' driver.
INFO - 2023-08-14 07:32:48 --> Session: Class initialized using 'CodeIgniter\Session\Handlers\FileHandler' driver.
ERROR - 2023-08-14 07:32:48 --> mysqli_sql_exception: Column 'kode_barang' in field list is ambiguous in D:\xampp\htdocs\KMeans\system\Database\MySQLi\Connection.php:295
Stack trace:
#0 D:\xampp\htdocs\KMeans\system\Database\MySQLi\Connection.php(295): mysqli->query('SELECT `kode_ba...', 0)
#1 D:\xampp\htdocs\KMeans\system\Database\BaseConnection.php(692): CodeIgniter\Database\MySQLi\Connection->execute('SELECT `kode_ba...')
#2 D:\xampp\htdocs\KMeans\system\Database\BaseConnection.php(606): CodeIgniter\Database\BaseConnection->simpleQuery('SELECT `kode_ba...')
#3 D:\xampp\htdocs\KMeans\system\Database\BaseBuilder.php(1616): CodeIgniter\Database\BaseConnection->query('SELECT `kode_ba...', Array, false)
#4 D:\xampp\htdocs\KMeans\system\Model.php(241): CodeIgniter\Database\BaseBuilder->get()
#5 D:\xampp\htdocs\KMeans\system\BaseModel.php(618): CodeIgniter\Model->doFindAll(0, 0)
#6 D:\xampp\htdocs\KMeans\app\Models\ClusterModel.php(68): CodeIgniter\BaseModel->findAll()
#7 D:\xampp\htdocs\KMeans\app\Controllers\FileMaster.php(42): App\Models\ClusterModel->getDataByFileID('23-07-2023_07:0...')
#8 D:\xampp\htdocs\KMeans\system\CodeIgniter.php(932): App\Controllers\FileMaster->getDataFile()
#9 D:\xampp\htdocs\KMeans\system\CodeIgniter.php(497): CodeIgniter\CodeIgniter->runController(Object(App\Controllers\FileMaster))
#10 D:\xampp\htdocs\KMeans\system\CodeIgniter.php(366): CodeIgniter\CodeIgniter->handleRequest(NULL, Object(Config\Cache), false)
#11 D:\xampp\htdocs\KMeans\public\index.php(67): CodeIgniter\CodeIgniter->run()
#12 D:\xampp\htdocs\KMeans\system\Commands\Server\rewrite.php(47): require_once('D:\\xampp\\htdocs...')
#13 {main}
CRITICAL - 2023-08-14 07:32:49 --> Column 'kode_barang' in field list is ambiguous
in SYSTEMPATH\Database\MySQLi\Connection.php on line 295.
 1 SYSTEMPATH\Database\MySQLi\Connection.php(295): mysqli->query('SELECT `kode_barang`, `nama`, `jumlah_transaksi`, `volume_penjualan`
FROM `clusters`
JOIN `barang` ON `clusters`.`kode_barang` = `barang`.`kode_barang`
WHERE `file_id` = \'23-07-2023_07:08:03dataset_kcs_NEW.xlsx\'', 0)
 2 SYSTEMPATH\Database\BaseConnection.php(692): CodeIgniter\Database\MySQLi\Connection->execute('SELECT `kode_barang`, `nama`, `jumlah_transaksi`, `volume_penjualan`
FROM `clusters`
JOIN `barang` ON `clusters`.`kode_barang` = `barang`.`kode_barang`
WHERE `file_id` = \'23-07-2023_07:08:03dataset_kcs_NEW.xlsx\'')
 3 SYSTEMPATH\Database\BaseConnection.php(606): CodeIgniter\Database\BaseConnection->simpleQuery('SELECT `kode_barang`, `nama`, `jumlah_transaksi`, `volume_penjualan`
FROM `clusters`
JOIN `barang` ON `clusters`.`kode_barang` = `barang`.`kode_barang`
WHERE `file_id` = \'23-07-2023_07:08:03dataset_kcs_NEW.xlsx\'')
 4 SYSTEMPATH\Database\BaseBuilder.php(1616): CodeIgniter\Database\BaseConnection->query('SELECT `kode_barang`, `nama`, `jumlah_transaksi`, `volume_penjualan`
FROM `clusters`
JOIN `barang` ON `clusters`.`kode_barang` = `barang`.`kode_barang`
WHERE `file_id` = :file_id:', [...], false)
 5 SYSTEMPATH\Model.php(241): CodeIgniter\Database\BaseBuilder->get()
 6 SYSTEMPATH\BaseModel.php(618): CodeIgniter\Model->doFindAll(0, 0)
 7 APPPATH\Models\ClusterModel.php(68): CodeIgniter\BaseModel->findAll()
 8 APPPATH\Controllers\FileMaster.php(42): App\Models\ClusterModel->getDataByFileID('23-07-2023_07:08:03dataset_kcs_NEW.xlsx')
 9 SYSTEMPATH\CodeIgniter.php(932): App\Controllers\FileMaster->getDataFile()
10 SYSTEMPATH\CodeIgniter.php(497): CodeIgniter\CodeIgniter->runController(Object(App\Controllers\FileMaster))
11 SYSTEMPATH\CodeIgniter.php(366): CodeIgniter\CodeIgniter->handleRequest(null, Object(Config\Cache), false)
12 FCPATH\index.php(67): CodeIgniter\CodeIgniter->run()
13 SYSTEMPATH\Commands\Server\rewrite.php(47): require_once('D:\\xampp\\htdocs\\KMeans\\public\\index.php')
INFO - 2023-08-14 07:32:51 --> Session: Class initialized using 'CodeIgniter\Session\Handlers\FileHandler' driver.
ERROR - 2023-08-14 07:32:51 --> mysqli_sql_exception: Column 'kode_barang' in field list is ambiguous in D:\xampp\htdocs\KMeans\system\Database\MySQLi\Connection.php:295
Stack trace:
#0 D:\xampp\htdocs\KMeans\system\Database\MySQLi\Connection.php(295): mysqli->query('SELECT `kode_ba...', 0)
#1 D:\xampp\htdocs\KMeans\system\Database\BaseConnection.php(692): CodeIgniter\Database\MySQLi\Connection->execute('SELECT `kode_ba...')
#2 D:\xampp\htdocs\KMeans\system\Database\BaseConnection.php(606): CodeIgniter\Database\BaseConnection->simpleQuery('SELECT `kode_ba...')
#3 D:\xampp\htdocs\KMeans\system\Database\BaseBuilder.php(1616): CodeIgniter\Database\BaseConnection->query('SELECT `kode_ba...', Array, false)
#4 D:\xampp\htdocs\KMeans\system\Model.php(241): CodeIgniter\Database\BaseBuilder->get()
#5 D:\xampp\htdocs\KMeans\system\BaseModel.php(618): CodeIgniter\Model->doFindAll(0, 0)
#6 D:\xampp\htdocs\KMeans\app\Models\ClusterModel.php(68): CodeIgniter\BaseModel->findAll()
#7 D:\xampp\htdocs\KMeans\app\Controllers\FileMaster.php(42): App\Models\ClusterModel->getDataByFileID('23-07-2023_07:0...')
#8 D:\xampp\htdocs\KMeans\system\CodeIgniter.php(932): App\Controllers\FileMaster->getDataFile()
#9 D:\xampp\htdocs\KMeans\system\CodeIgniter.php(497): CodeIgniter\CodeIgniter->runController(Object(App\Controllers\FileMaster))
#10 D:\xampp\htdocs\KMeans\system\CodeIgniter.php(366): CodeIgniter\CodeIgniter->handleRequest(NULL, Object(Config\Cache), false)
#11 D:\xampp\htdocs\KMeans\public\index.php(67): CodeIgniter\CodeIgniter->run()
#12 D:\xampp\htdocs\KMeans\system\Commands\Server\rewrite.php(47): require_once('D:\\xampp\\htdocs...')
#13 {main}
CRITICAL - 2023-08-14 07:32:51 --> Column 'kode_barang' in field list is ambiguous
in SYSTEMPATH\Database\MySQLi\Connection.php on line 295.
 1 SYSTEMPATH\Database\MySQLi\Connection.php(295): mysqli->query('SELECT `kode_barang`, `nama`, `jumlah_transaksi`, `volume_penjualan`
FROM `clusters`
JOIN `barang` ON `clusters`.`kode_barang` = `barang`.`kode_barang`
WHERE `file_id` = \'23-07-2023_07:08:03dataset_kcs_NEW.xlsx\'', 0)
 2 SYSTEMPATH\Database\BaseConnection.php(692): CodeIgniter\Database\MySQLi\Connection->execute('SELECT `kode_barang`, `nama`, `jumlah_transaksi`, `volume_penjualan`
FROM `clusters`
JOIN `barang` ON `clusters`.`kode_barang` = `barang`.`kode_barang`
WHERE `file_id` = \'23-07-2023_07:08:03dataset_kcs_NEW.xlsx\'')
 3 SYSTEMPATH\Database\BaseConnection.php(606): CodeIgniter\Database\BaseConnection->simpleQuery('SELECT `kode_barang`, `nama`, `jumlah_transaksi`, `volume_penjualan`
FROM `clusters`
JOIN `barang` ON `clusters`.`kode_barang` = `barang`.`kode_barang`
WHERE `file_id` = \'23-07-2023_07:08:03dataset_kcs_NEW.xlsx\'')
 4 SYSTEMPATH\Database\BaseBuilder.php(1616): CodeIgniter\Database\BaseConnection->query('SELECT `kode_barang`, `nama`, `jumlah_transaksi`, `volume_penjualan`
FROM `clusters`
JOIN `barang` ON `clusters`.`kode_barang` = `barang`.`kode_barang`
WHERE `file_id` = :file_id:', [...], false)
 5 SYSTEMPATH\Model.php(241): CodeIgniter\Database\BaseBuilder->get()
 6 SYSTEMPATH\BaseModel.php(618): CodeIgniter\Model->doFindAll(0, 0)
 7 APPPATH\Models\ClusterModel.php(68): CodeIgniter\BaseModel->findAll()
 8 APPPATH\Controllers\FileMaster.php(42): App\Models\ClusterModel->getDataByFileID('23-07-2023_07:08:03dataset_kcs_NEW.xlsx')
 9 SYSTEMPATH\CodeIgniter.php(932): App\Controllers\FileMaster->getDataFile()
10 SYSTEMPATH\CodeIgniter.php(497): CodeIgniter\CodeIgniter->runController(Object(App\Controllers\FileMaster))
11 SYSTEMPATH\CodeIgniter.php(366): CodeIgniter\CodeIgniter->handleRequest(null, Object(Config\Cache), false)
12 FCPATH\index.php(67): CodeIgniter\CodeIgniter->run()
13 SYSTEMPATH\Commands\Server\rewrite.php(47): require_once('D:\\xampp\\htdocs\\KMeans\\public\\index.php')
INFO - 2023-08-14 07:32:52 --> Session: Class initialized using 'CodeIgniter\Session\Handlers\FileHandler' driver.
ERROR - 2023-08-14 07:32:52 --> mysqli_sql_exception: Column 'kode_barang' in field list is ambiguous in D:\xampp\htdocs\KMeans\system\Database\MySQLi\Connection.php:295
Stack trace:
#0 D:\xampp\htdocs\KMeans\system\Database\MySQLi\Connection.php(295): mysqli->query('SELECT `kode_ba...', 0)
#1 D:\xampp\htdocs\KMeans\system\Database\BaseConnection.php(692): CodeIgniter\Database\MySQLi\Connection->execute('SELECT `kode_ba...')
#2 D:\xampp\htdocs\KMeans\system\Database\BaseConnection.php(606): CodeIgniter\Database\BaseConnection->simpleQuery('SELECT `kode_ba...')
#3 D:\xampp\htdocs\KMeans\system\Database\BaseBuilder.php(1616): CodeIgniter\Database\BaseConnection->query('SELECT `kode_ba...', Array, false)
#4 D:\xampp\htdocs\KMeans\system\Model.php(241): CodeIgniter\Database\BaseBuilder->get()
#5 D:\xampp\htdocs\KMeans\system\BaseModel.php(618): CodeIgniter\Model->doFindAll(0, 0)
#6 D:\xampp\htdocs\KMeans\app\Models\ClusterModel.php(68): CodeIgniter\BaseModel->findAll()
#7 D:\xampp\htdocs\KMeans\app\Controllers\FileMaster.php(42): App\Models\ClusterModel->getDataByFileID('23-07-2023_07:0...')
#8 D:\xampp\htdocs\KMeans\system\CodeIgniter.php(932): App\Controllers\FileMaster->getDataFile()
#9 D:\xampp\htdocs\KMeans\system\CodeIgniter.php(497): CodeIgniter\CodeIgniter->runController(Object(App\Controllers\FileMaster))
#10 D:\xampp\htdocs\KMeans\system\CodeIgniter.php(366): CodeIgniter\CodeIgniter->handleRequest(NULL, Object(Config\Cache), false)
#11 D:\xampp\htdocs\KMeans\public\index.php(67): CodeIgniter\CodeIgniter->run()
#12 D:\xampp\htdocs\KMeans\system\Commands\Server\rewrite.php(47): require_once('D:\\xampp\\htdocs...')
#13 {main}
CRITICAL - 2023-08-14 07:32:52 --> Column 'kode_barang' in field list is ambiguous
in SYSTEMPATH\Database\MySQLi\Connection.php on line 295.
 1 SYSTEMPATH\Database\MySQLi\Connection.php(295): mysqli->query('SELECT `kode_barang`, `nama`, `jumlah_transaksi`, `volume_penjualan`
FROM `clusters`
JOIN `barang` ON `clusters`.`kode_barang` = `barang`.`kode_barang`
WHERE `file_id` = \'23-07-2023_07:08:48dataset_kcs_DUMMY_MAX.xlsx\'', 0)
 2 SYSTEMPATH\Database\BaseConnection.php(692): CodeIgniter\Database\MySQLi\Connection->execute('SELECT `kode_barang`, `nama`, `jumlah_transaksi`, `volume_penjualan`
FROM `clusters`
JOIN `barang` ON `clusters`.`kode_barang` = `barang`.`kode_barang`
WHERE `file_id` = \'23-07-2023_07:08:48dataset_kcs_DUMMY_MAX.xlsx\'')
 3 SYSTEMPATH\Database\BaseConnection.php(606): CodeIgniter\Database\BaseConnection->simpleQuery('SELECT `kode_barang`, `nama`, `jumlah_transaksi`, `volume_penjualan`
FROM `clusters`
JOIN `barang` ON `clusters`.`kode_barang` = `barang`.`kode_barang`
WHERE `file_id` = \'23-07-2023_07:08:48dataset_kcs_DUMMY_MAX.xlsx\'')
 4 SYSTEMPATH\Database\BaseBuilder.php(1616): CodeIgniter\Database\BaseConnection->query('SELECT `kode_barang`, `nama`, `jumlah_transaksi`, `volume_penjualan`
FROM `clusters`
JOIN `barang` ON `clusters`.`kode_barang` = `barang`.`kode_barang`
WHERE `file_id` = :file_id:', [...], false)
 5 SYSTEMPATH\Model.php(241): CodeIgniter\Database\BaseBuilder->get()
 6 SYSTEMPATH\BaseModel.php(618): CodeIgniter\Model->doFindAll(0, 0)
 7 APPPATH\Models\ClusterModel.php(68): CodeIgniter\BaseModel->findAll()
 8 APPPATH\Controllers\FileMaster.php(42): App\Models\ClusterModel->getDataByFileID('23-07-2023_07:08:48dataset_kcs_DUMMY_MAX.xlsx')
 9 SYSTEMPATH\CodeIgniter.php(932): App\Controllers\FileMaster->getDataFile()
10 SYSTEMPATH\CodeIgniter.php(497): CodeIgniter\CodeIgniter->runController(Object(App\Controllers\FileMaster))
11 SYSTEMPATH\CodeIgniter.php(366): CodeIgniter\CodeIgniter->handleRequest(null, Object(Config\Cache), false)
12 FCPATH\index.php(67): CodeIgniter\CodeIgniter->run()
13 SYSTEMPATH\Commands\Server\rewrite.php(47): require_once('D:\\xampp\\htdocs\\KMeans\\public\\index.php')
INFO - 2023-08-14 07:33:11 --> Session: Class initialized using 'CodeIgniter\Session\Handlers\FileHandler' driver.
INFO - 2023-08-14 07:34:47 --> Session: Class initialized using 'CodeIgniter\Session\Handlers\FileHandler' driver.
ERROR - 2023-08-14 07:34:47 --> mysqli_sql_exception: Column 'kode_barang' in field list is ambiguous in D:\xampp\htdocs\KMeans\system\Database\MySQLi\Connection.php:295
Stack trace:
#0 D:\xampp\htdocs\KMeans\system\Database\MySQLi\Connection.php(295): mysqli->query('SELECT `kode_ba...', 0)
#1 D:\xampp\htdocs\KMeans\system\Database\BaseConnection.php(692): CodeIgniter\Database\MySQLi\Connection->execute('SELECT `kode_ba...')
#2 D:\xampp\htdocs\KMeans\system\Database\BaseConnection.php(606): CodeIgniter\Database\BaseConnection->simpleQuery('SELECT `kode_ba...')
#3 D:\xampp\htdocs\KMeans\system\Database\BaseBuilder.php(1616): CodeIgniter\Database\BaseConnection->query('SELECT `kode_ba...', Array, false)
#4 D:\xampp\htdocs\KMeans\system\Model.php(241): CodeIgniter\Database\BaseBuilder->get()
#5 D:\xampp\htdocs\KMeans\system\BaseModel.php(618): CodeIgniter\Model->doFindAll(0, 0)
#6 D:\xampp\htdocs\KMeans\app\Models\ClusterModel.php(68): CodeIgniter\BaseModel->findAll()
#7 D:\xampp\htdocs\KMeans\app\Controllers\FileMaster.php(42): App\Models\ClusterModel->getDataByFileID('23-07-2023_07:0...')
#8 D:\xampp\htdocs\KMeans\system\CodeIgniter.php(932): App\Controllers\FileMaster->getDataFile()
#9 D:\xampp\htdocs\KMeans\system\CodeIgniter.php(497): CodeIgniter\CodeIgniter->runController(Object(App\Controllers\FileMaster))
#10 D:\xampp\htdocs\KMeans\system\CodeIgniter.php(366): CodeIgniter\CodeIgniter->handleRequest(NULL, Object(Config\Cache), false)
#11 D:\xampp\htdocs\KMeans\public\index.php(67): CodeIgniter\CodeIgniter->run()
#12 D:\xampp\htdocs\KMeans\system\Commands\Server\rewrite.php(47): require_once('D:\\xampp\\htdocs...')
#13 {main}
CRITICAL - 2023-08-14 07:34:47 --> Column 'kode_barang' in field list is ambiguous
in SYSTEMPATH\Database\MySQLi\Connection.php on line 295.
 1 SYSTEMPATH\Database\MySQLi\Connection.php(295): mysqli->query('SELECT `kode_barang`, `nama`, `jumlah_transaksi`, `volume_penjualan`
FROM `clusters`
JOIN `barang` ON `clusters`.`kode_barang` = `barang`.`kode_barang`
WHERE `file_id` = \'23-07-2023_07:08:03dataset_kcs_NEW.xlsx\'', 0)
 2 SYSTEMPATH\Database\BaseConnection.php(692): CodeIgniter\Database\MySQLi\Connection->execute('SELECT `kode_barang`, `nama`, `jumlah_transaksi`, `volume_penjualan`
FROM `clusters`
JOIN `barang` ON `clusters`.`kode_barang` = `barang`.`kode_barang`
WHERE `file_id` = \'23-07-2023_07:08:03dataset_kcs_NEW.xlsx\'')
 3 SYSTEMPATH\Database\BaseConnection.php(606): CodeIgniter\Database\BaseConnection->simpleQuery('SELECT `kode_barang`, `nama`, `jumlah_transaksi`, `volume_penjualan`
FROM `clusters`
JOIN `barang` ON `clusters`.`kode_barang` = `barang`.`kode_barang`
WHERE `file_id` = \'23-07-2023_07:08:03dataset_kcs_NEW.xlsx\'')
 4 SYSTEMPATH\Database\BaseBuilder.php(1616): CodeIgniter\Database\BaseConnection->query('SELECT `kode_barang`, `nama`, `jumlah_transaksi`, `volume_penjualan`
FROM `clusters`
JOIN `barang` ON `clusters`.`kode_barang` = `barang`.`kode_barang`
WHERE `file_id` = :file_id:', [...], false)
 5 SYSTEMPATH\Model.php(241): CodeIgniter\Database\BaseBuilder->get()
 6 SYSTEMPATH\BaseModel.php(618): CodeIgniter\Model->doFindAll(0, 0)
 7 APPPATH\Models\ClusterModel.php(68): CodeIgniter\BaseModel->findAll()
 8 APPPATH\Controllers\FileMaster.php(42): App\Models\ClusterModel->getDataByFileID('23-07-2023_07:08:03dataset_kcs_NEW.xlsx')
 9 SYSTEMPATH\CodeIgniter.php(932): App\Controllers\FileMaster->getDataFile()
10 SYSTEMPATH\CodeIgniter.php(497): CodeIgniter\CodeIgniter->runController(Object(App\Controllers\FileMaster))
11 SYSTEMPATH\CodeIgniter.php(366): CodeIgniter\CodeIgniter->handleRequest(null, Object(Config\Cache), false)
12 FCPATH\index.php(67): CodeIgniter\CodeIgniter->run()
13 SYSTEMPATH\Commands\Server\rewrite.php(47): require_once('D:\\xampp\\htdocs\\KMeans\\public\\index.php')
INFO - 2023-08-14 07:35:25 --> Session: Class initialized using 'CodeIgniter\Session\Handlers\FileHandler' driver.
INFO - 2023-08-14 07:35:37 --> Session: Class initialized using 'CodeIgniter\Session\Handlers\FileHandler' driver.
ERROR - 2023-08-14 07:35:37 --> mysqli_sql_exception: Column 'kode_barang' in field list is ambiguous in D:\xampp\htdocs\KMeans\system\Database\MySQLi\Connection.php:295
Stack trace:
#0 D:\xampp\htdocs\KMeans\system\Database\MySQLi\Connection.php(295): mysqli->query('SELECT `kode_ba...', 0)
#1 D:\xampp\htdocs\KMeans\system\Database\BaseConnection.php(692): CodeIgniter\Database\MySQLi\Connection->execute('SELECT `kode_ba...')
#2 D:\xampp\htdocs\KMeans\system\Database\BaseConnection.php(606): CodeIgniter\Database\BaseConnection->simpleQuery('SELECT `kode_ba...')
#3 D:\xampp\htdocs\KMeans\system\Database\BaseBuilder.php(1616): CodeIgniter\Database\BaseConnection->query('SELECT `kode_ba...', Array, false)
#4 D:\xampp\htdocs\KMeans\system\Model.php(241): CodeIgniter\Database\BaseBuilder->get()
#5 D:\xampp\htdocs\KMeans\system\BaseModel.php(618): CodeIgniter\Model->doFindAll(0, 0)
#6 D:\xampp\htdocs\KMeans\app\Models\ClusterModel.php(68): CodeIgniter\BaseModel->findAll()
#7 D:\xampp\htdocs\KMeans\app\Controllers\FileMaster.php(42): App\Models\ClusterModel->getDataByFileID('23-07-2023_07:0...')
#8 D:\xampp\htdocs\KMeans\system\CodeIgniter.php(932): App\Controllers\FileMaster->getDataFile()
#9 D:\xampp\htdocs\KMeans\system\CodeIgniter.php(497): CodeIgniter\CodeIgniter->runController(Object(App\Controllers\FileMaster))
#10 D:\xampp\htdocs\KMeans\system\CodeIgniter.php(366): CodeIgniter\CodeIgniter->handleRequest(NULL, Object(Config\Cache), false)
#11 D:\xampp\htdocs\KMeans\public\index.php(67): CodeIgniter\CodeIgniter->run()
#12 D:\xampp\htdocs\KMeans\system\Commands\Server\rewrite.php(47): require_once('D:\\xampp\\htdocs...')
#13 {main}
CRITICAL - 2023-08-14 07:35:37 --> Column 'kode_barang' in field list is ambiguous
in SYSTEMPATH\Database\MySQLi\Connection.php on line 295.
 1 SYSTEMPATH\Database\MySQLi\Connection.php(295): mysqli->query('SELECT `kode_barang`, `nama`, `jumlah_transaksi`, `volume_penjualan`
FROM `clusters`
JOIN `barang` ON `clusters`.`kode_barang` = `barang`.`kode_barang`
WHERE `file_id` = \'23-07-2023_07:08:03dataset_kcs_NEW.xlsx\'', 0)
 2 SYSTEMPATH\Database\BaseConnection.php(692): CodeIgniter\Database\MySQLi\Connection->execute('SELECT `kode_barang`, `nama`, `jumlah_transaksi`, `volume_penjualan`
FROM `clusters`
JOIN `barang` ON `clusters`.`kode_barang` = `barang`.`kode_barang`
WHERE `file_id` = \'23-07-2023_07:08:03dataset_kcs_NEW.xlsx\'')
 3 SYSTEMPATH\Database\BaseConnection.php(606): CodeIgniter\Database\BaseConnection->simpleQuery('SELECT `kode_barang`, `nama`, `jumlah_transaksi`, `volume_penjualan`
FROM `clusters`
JOIN `barang` ON `clusters`.`kode_barang` = `barang`.`kode_barang`
WHERE `file_id` = \'23-07-2023_07:08:03dataset_kcs_NEW.xlsx\'')
 4 SYSTEMPATH\Database\BaseBuilder.php(1616): CodeIgniter\Database\BaseConnection->query('SELECT `kode_barang`, `nama`, `jumlah_transaksi`, `volume_penjualan`
FROM `clusters`
JOIN `barang` ON `clusters`.`kode_barang` = `barang`.`kode_barang`
WHERE `file_id` = :file_id:', [...], false)
 5 SYSTEMPATH\Model.php(241): CodeIgniter\Database\BaseBuilder->get()
 6 SYSTEMPATH\BaseModel.php(618): CodeIgniter\Model->doFindAll(0, 0)
 7 APPPATH\Models\ClusterModel.php(68): CodeIgniter\BaseModel->findAll()
 8 APPPATH\Controllers\FileMaster.php(42): App\Models\ClusterModel->getDataByFileID('23-07-2023_07:08:03dataset_kcs_NEW.xlsx')
 9 SYSTEMPATH\CodeIgniter.php(932): App\Controllers\FileMaster->getDataFile()
10 SYSTEMPATH\CodeIgniter.php(497): CodeIgniter\CodeIgniter->runController(Object(App\Controllers\FileMaster))
11 SYSTEMPATH\CodeIgniter.php(366): CodeIgniter\CodeIgniter->handleRequest(null, Object(Config\Cache), false)
12 FCPATH\index.php(67): CodeIgniter\CodeIgniter->run()
13 SYSTEMPATH\Commands\Server\rewrite.php(47): require_once('D:\\xampp\\htdocs\\KMeans\\public\\index.php')
INFO - 2023-08-14 07:36:20 --> Session: Class initialized using 'CodeIgniter\Session\Handlers\FileHandler' driver.
INFO - 2023-08-14 07:36:31 --> Session: Class initialized using 'CodeIgniter\Session\Handlers\FileHandler' driver.
INFO - 2023-08-14 07:40:48 --> Session: Class initialized using 'CodeIgniter\Session\Handlers\FileHandler' driver.
INFO - 2023-08-14 07:41:16 --> Session: Class initialized using 'CodeIgniter\Session\Handlers\FileHandler' driver.
INFO - 2023-08-14 07:41:37 --> Session: Class initialized using 'CodeIgniter\Session\Handlers\FileHandler' driver.
CRITICAL - 2023-08-14 14:41:45 --> There is no data to insert.
in SYSTEMPATH\BaseModel.php on line 762.
 1 SYSTEMPATH\BaseModel.php(762): CodeIgniter\Database\Exceptions\DataException::forEmptyDataset('insert')
 2 SYSTEMPATH\Model.php(730): CodeIgniter\BaseModel->insert([], true)
 3 APPPATH\Controllers\KMeans.php(190): CodeIgniter\Model->insert([...])
 4 APPPATH\Controllers\KMeans.php(57): App\Controllers\KMeans->kMeansClustering(Object(CodeIgniter\HTTP\Files\UploadedFile))
 5 SYSTEMPATH\CodeIgniter.php(932): App\Controllers\KMeans->processUpload()
 6 SYSTEMPATH\CodeIgniter.php(497): CodeIgniter\CodeIgniter->runController(Object(App\Controllers\KMeans))
 7 SYSTEMPATH\CodeIgniter.php(366): CodeIgniter\CodeIgniter->handleRequest(null, Object(Config\Cache), false)
 8 FCPATH\index.php(67): CodeIgniter\CodeIgniter->run()
 9 SYSTEMPATH\Commands\Server\rewrite.php(47): require_once('D:\\xampp\\htdocs\\KMeans\\public\\index.php')
INFO - 2023-08-14 07:43:44 --> Session: Class initialized using 'CodeIgniter\Session\Handlers\FileHandler' driver.
CRITICAL - 2023-08-14 14:43:45 --> Undefined offset: 1
in APPPATH\Controllers\KMeans.php on line 160.
 1 APPPATH\Controllers\KMeans.php(160): CodeIgniter\Debug\Exceptions->errorHandler(8, 'Undefined offset: 1', 'D:\\xampp\\htdocs\\KMeans\\app\\Controllers\\KMeans.php', 160, [...])
 2 APPPATH\Controllers\KMeans.php(57): App\Controllers\KMeans->kMeansClustering(Object(CodeIgniter\HTTP\Files\UploadedFile))
 3 SYSTEMPATH\CodeIgniter.php(932): App\Controllers\KMeans->processUpload()
 4 SYSTEMPATH\CodeIgniter.php(497): CodeIgniter\CodeIgniter->runController(Object(App\Controllers\KMeans))
 5 SYSTEMPATH\CodeIgniter.php(366): CodeIgniter\CodeIgniter->handleRequest(null, Object(Config\Cache), false)
 6 FCPATH\index.php(67): CodeIgniter\CodeIgniter->run()
 7 SYSTEMPATH\Commands\Server\rewrite.php(47): require_once('D:\\xampp\\htdocs\\KMeans\\public\\index.php')
INFO - 2023-08-14 07:43:57 --> Session: Class initialized using 'CodeIgniter\Session\Handlers\FileHandler' driver.
INFO - 2023-08-14 07:44:24 --> Session: Class initialized using 'CodeIgniter\Session\Handlers\FileHandler' driver.
INFO - 2023-08-14 07:44:34 --> Session: Class initialized using 'CodeIgniter\Session\Handlers\FileHandler' driver.
INFO - 2023-08-14 07:47:09 --> Session: Class initialized using 'CodeIgniter\Session\Handlers\FileHandler' driver.
INFO - 2023-08-14 07:47:14 --> Session: Class initialized using 'CodeIgniter\Session\Handlers\FileHandler' driver.
INFO - 2023-08-14 07:49:11 --> Session: Class initialized using 'CodeIgniter\Session\Handlers\FileHandler' driver.
INFO - 2023-08-14 07:51:12 --> Session: Class initialized using 'CodeIgniter\Session\Handlers\FileHandler' driver.
INFO - 2023-08-14 07:51:17 --> Session: Class initialized using 'CodeIgniter\Session\Handlers\FileHandler' driver.
INFO - 2023-08-14 07:51:24 --> Session: Class initialized using 'CodeIgniter\Session\Handlers\FileHandler' driver.
INFO - 2023-08-14 07:51:30 --> Session: Class initialized using 'CodeIgniter\Session\Handlers\FileHandler' driver.
INFO - 2023-08-14 07:51:32 --> Session: Class initialized using 'CodeIgniter\Session\Handlers\FileHandler' driver.
INFO - 2023-08-14 07:51:33 --> Session: Class initialized using 'CodeIgniter\Session\Handlers\FileHandler' driver.
INFO - 2023-08-14 07:51:50 --> Session: Class initialized using 'CodeIgniter\Session\Handlers\FileHandler' driver.
INFO - 2023-08-14 07:52:14 --> Session: Class initialized using 'CodeIgniter\Session\Handlers\FileHandler' driver.
INFO - 2023-08-14 07:53:13 --> Session: Class initialized using 'CodeIgniter\Session\Handlers\FileHandler' driver.
INFO - 2023-08-14 07:53:15 --> Session: Class initialized using 'CodeIgniter\Session\Handlers\FileHandler' driver.
INFO - 2023-08-14 07:53:32 --> Session: Class initialized using 'CodeIgniter\Session\Handlers\FileHandler' driver.
INFO - 2023-08-14 08:01:39 --> Session: Class initialized using 'CodeIgniter\Session\Handlers\FileHandler' driver.
INFO - 2023-08-14 08:02:04 --> Session: Class initialized using 'CodeIgniter\Session\Handlers\FileHandler' driver.
CRITICAL - 2023-08-14 15:02:05 --> There is no data to insert.
in SYSTEMPATH\BaseModel.php on line 762.
 1 SYSTEMPATH\BaseModel.php(762): CodeIgniter\Database\Exceptions\DataException::forEmptyDataset('insert')
 2 SYSTEMPATH\Model.php(730): CodeIgniter\BaseModel->insert([], true)
 3 APPPATH\Controllers\KMeans.php(167): CodeIgniter\Model->insert([...])
 4 APPPATH\Controllers\KMeans.php(57): App\Controllers\KMeans->kMeansClustering(Object(CodeIgniter\HTTP\Files\UploadedFile))
 5 SYSTEMPATH\CodeIgniter.php(932): App\Controllers\KMeans->processUpload()
 6 SYSTEMPATH\CodeIgniter.php(497): CodeIgniter\CodeIgniter->runController(Object(App\Controllers\KMeans))
 7 SYSTEMPATH\CodeIgniter.php(366): CodeIgniter\CodeIgniter->handleRequest(null, Object(Config\Cache), false)
 8 FCPATH\index.php(67): CodeIgniter\CodeIgniter->run()
 9 SYSTEMPATH\Commands\Server\rewrite.php(47): require_once('D:\\xampp\\htdocs\\KMeans\\public\\index.php')
INFO - 2023-08-14 08:02:44 --> Session: Class initialized using 'CodeIgniter\Session\Handlers\FileHandler' driver.
INFO - 2023-08-14 08:03:02 --> Session: Class initialized using 'CodeIgniter\Session\Handlers\FileHandler' driver.
INFO - 2023-08-14 08:03:18 --> Session: Class initialized using 'CodeIgniter\Session\Handlers\FileHandler' driver.
INFO - 2023-08-14 08:05:03 --> Session: Class initialized using 'CodeIgniter\Session\Handlers\FileHandler' driver.
CRITICAL - 2023-08-14 15:05:03 --> Undefined offset: 2
in APPPATH\Controllers\KMeans.php on line 159.
 1 APPPATH\Controllers\KMeans.php(159): CodeIgniter\Debug\Exceptions->errorHandler(8, 'Undefined offset: 2', 'D:\\xampp\\htdocs\\KMeans\\app\\Controllers\\KMeans.php', 159, [...])
 2 APPPATH\Controllers\KMeans.php(57): App\Controllers\KMeans->kMeansClustering(Object(CodeIgniter\HTTP\Files\UploadedFile))
 3 SYSTEMPATH\CodeIgniter.php(932): App\Controllers\KMeans->processUpload()
 4 SYSTEMPATH\CodeIgniter.php(497): CodeIgniter\CodeIgniter->runController(Object(App\Controllers\KMeans))
 5 SYSTEMPATH\CodeIgniter.php(366): CodeIgniter\CodeIgniter->handleRequest(null, Object(Config\Cache), false)
 6 FCPATH\index.php(67): CodeIgniter\CodeIgniter->run()
 7 SYSTEMPATH\Commands\Server\rewrite.php(47): require_once('D:\\xampp\\htdocs\\KMeans\\public\\index.php')
INFO - 2023-08-14 08:05:14 --> Session: Class initialized using 'CodeIgniter\Session\Handlers\FileHandler' driver.
INFO - 2023-08-14 08:05:32 --> Session: Class initialized using 'CodeIgniter\Session\Handlers\FileHandler' driver.
INFO - 2023-08-14 08:08:23 --> Session: Class initialized using 'CodeIgniter\Session\Handlers\FileHandler' driver.
INFO - 2023-08-14 08:08:57 --> Session: Class initialized using 'CodeIgniter\Session\Handlers\FileHandler' driver.
INFO - 2023-08-14 08:09:05 --> Session: Class initialized using 'CodeIgniter\Session\Handlers\FileHandler' driver.
CRITICAL - 2023-08-14 15:09:05 --> There is no data to insert.
in SYSTEMPATH\BaseModel.php on line 762.
 1 SYSTEMPATH\BaseModel.php(762): CodeIgniter\Database\Exceptions\DataException::forEmptyDataset('insert')
 2 SYSTEMPATH\Model.php(730): CodeIgniter\BaseModel->insert([], true)
 3 APPPATH\Controllers\KMeans.php(164): CodeIgniter\Model->insert([...])
 4 APPPATH\Controllers\KMeans.php(57): App\Controllers\KMeans->kMeansClustering(Object(CodeIgniter\HTTP\Files\UploadedFile))
 5 SYSTEMPATH\CodeIgniter.php(932): App\Controllers\KMeans->processUpload()
 6 SYSTEMPATH\CodeIgniter.php(497): CodeIgniter\CodeIgniter->runController(Object(App\Controllers\KMeans))
 7 SYSTEMPATH\CodeIgniter.php(366): CodeIgniter\CodeIgniter->handleRequest(null, Object(Config\Cache), false)
 8 FCPATH\index.php(67): CodeIgniter\CodeIgniter->run()
 9 SYSTEMPATH\Commands\Server\rewrite.php(47): require_once('D:\\xampp\\htdocs\\KMeans\\public\\index.php')
INFO - 2023-08-14 08:09:17 --> Session: Class initialized using 'CodeIgniter\Session\Handlers\FileHandler' driver.
INFO - 2023-08-14 08:10:35 --> Session: Class initialized using 'CodeIgniter\Session\Handlers\FileHandler' driver.
INFO - 2023-08-14 08:15:02 --> Session: Class initialized using 'CodeIgniter\Session\Handlers\FileHandler' driver.
INFO - 2023-08-14 08:15:30 --> Session: Class initialized using 'CodeIgniter\Session\Handlers\FileHandler' driver.
INFO - 2023-08-14 08:15:57 --> Session: Class initialized using 'CodeIgniter\Session\Handlers\FileHandler' driver.
INFO - 2023-08-14 08:16:18 --> Session: Class initialized using 'CodeIgniter\Session\Handlers\FileHandler' driver.
INFO - 2023-08-14 08:18:31 --> Session: Class initialized using 'CodeIgniter\Session\Handlers\FileHandler' driver.
INFO - 2023-08-14 08:18:41 --> Session: Class initialized using 'CodeIgniter\Session\Handlers\FileHandler' driver.
INFO - 2023-08-14 08:19:13 --> Session: Class initialized using 'CodeIgniter\Session\Handlers\FileHandler' driver.
INFO - 2023-08-14 08:20:54 --> Session: Class initialized using 'CodeIgniter\Session\Handlers\FileHandler' driver.
INFO - 2023-08-14 08:21:02 --> Session: Class initialized using 'CodeIgniter\Session\Handlers\FileHandler' driver.
INFO - 2023-08-14 08:23:05 --> Session: Class initialized using 'CodeIgniter\Session\Handlers\FileHandler' driver.
INFO - 2023-08-14 08:23:17 --> Session: Class initialized using 'CodeIgniter\Session\Handlers\FileHandler' driver.
INFO - 2023-08-14 08:26:15 --> Session: Class initialized using 'CodeIgniter\Session\Handlers\FileHandler' driver.
INFO - 2023-08-14 08:27:07 --> Session: Class initialized using 'CodeIgniter\Session\Handlers\FileHandler' driver.
INFO - 2023-08-14 08:28:37 --> Session: Class initialized using 'CodeIgniter\Session\Handlers\FileHandler' driver.
INFO - 2023-08-14 08:29:03 --> Session: Class initialized using 'CodeIgniter\Session\Handlers\FileHandler' driver.
INFO - 2023-08-14 08:29:18 --> Session: Class initialized using 'CodeIgniter\Session\Handlers\FileHandler' driver.
INFO - 2023-08-14 08:30:09 --> Session: Class initialized using 'CodeIgniter\Session\Handlers\FileHandler' driver.
INFO - 2023-08-14 08:30:57 --> Session: Class initialized using 'CodeIgniter\Session\Handlers\FileHandler' driver.
INFO - 2023-08-14 08:31:05 --> Session: Class initialized using 'CodeIgniter\Session\Handlers\FileHandler' driver.
INFO - 2023-08-14 08:31:11 --> Session: Class initialized using 'CodeIgniter\Session\Handlers\FileHandler' driver.
INFO - 2023-08-14 08:31:23 --> Session: Class initialized using 'CodeIgniter\Session\Handlers\FileHandler' driver.
INFO - 2023-08-14 08:31:28 --> Session: Class initialized using 'CodeIgniter\Session\Handlers\FileHandler' driver.
INFO - 2023-08-14 08:31:32 --> Session: Class initialized using 'CodeIgniter\Session\Handlers\FileHandler' driver.
INFO - 2023-08-14 08:31:49 --> Session: Class initialized using 'CodeIgniter\Session\Handlers\FileHandler' driver.
INFO - 2023-08-14 08:31:57 --> Session: Class initialized using 'CodeIgniter\Session\Handlers\FileHandler' driver.
INFO - 2023-08-14 08:32:42 --> Session: Class initialized using 'CodeIgniter\Session\Handlers\FileHandler' driver.
INFO - 2023-08-14 08:32:48 --> Session: Class initialized using 'CodeIgniter\Session\Handlers\FileHandler' driver.
INFO - 2023-08-14 08:33:09 --> Session: Class initialized using 'CodeIgniter\Session\Handlers\FileHandler' driver.
INFO - 2023-08-14 08:33:15 --> Session: Class initialized using 'CodeIgniter\Session\Handlers\FileHandler' driver.
INFO - 2023-08-14 08:36:57 --> Session: Class initialized using 'CodeIgniter\Session\Handlers\FileHandler' driver.
INFO - 2023-08-14 08:37:01 --> Session: Class initialized using 'CodeIgniter\Session\Handlers\FileHandler' driver.
INFO - 2023-08-14 08:37:39 --> Session: Class initialized using 'CodeIgniter\Session\Handlers\FileHandler' driver.
INFO - 2023-08-14 08:37:46 --> Session: Class initialized using 'CodeIgniter\Session\Handlers\FileHandler' driver.
INFO - 2023-08-14 08:37:56 --> Session: Class initialized using 'CodeIgniter\Session\Handlers\FileHandler' driver.
INFO - 2023-08-14 08:39:50 --> Session: Class initialized using 'CodeIgniter\Session\Handlers\FileHandler' driver.
INFO - 2023-08-14 08:40:00 --> Session: Class initialized using 'CodeIgniter\Session\Handlers\FileHandler' driver.
INFO - 2023-08-14 08:40:08 --> Session: Class initialized using 'CodeIgniter\Session\Handlers\FileHandler' driver.
INFO - 2023-08-14 08:40:51 --> Session: Class initialized using 'CodeIgniter\Session\Handlers\FileHandler' driver.
INFO - 2023-08-14 08:40:57 --> Session: Class initialized using 'CodeIgniter\Session\Handlers\FileHandler' driver.
INFO - 2023-08-14 08:42:13 --> Session: Class initialized using 'CodeIgniter\Session\Handlers\FileHandler' driver.
INFO - 2023-08-14 08:42:18 --> Session: Class initialized using 'CodeIgniter\Session\Handlers\FileHandler' driver.
INFO - 2023-08-14 08:42:37 --> Session: Class initialized using 'CodeIgniter\Session\Handlers\FileHandler' driver.
INFO - 2023-08-14 08:42:47 --> Session: Class initialized using 'CodeIgniter\Session\Handlers\FileHandler' driver.
INFO - 2023-08-14 08:43:39 --> Session: Class initialized using 'CodeIgniter\Session\Handlers\FileHandler' driver.
INFO - 2023-08-14 08:43:48 --> Session: Class initialized using 'CodeIgniter\Session\Handlers\FileHandler' driver.
INFO - 2023-08-14 08:44:51 --> Session: Class initialized using 'CodeIgniter\Session\Handlers\FileHandler' driver.
INFO - 2023-08-14 08:44:55 --> Session: Class initialized using 'CodeIgniter\Session\Handlers\FileHandler' driver.
INFO - 2023-08-14 08:45:10 --> Session: Class initialized using 'CodeIgniter\Session\Handlers\FileHandler' driver.
INFO - 2023-08-14 08:45:17 --> Session: Class initialized using 'CodeIgniter\Session\Handlers\FileHandler' driver.
INFO - 2023-08-14 08:45:28 --> Session: Class initialized using 'CodeIgniter\Session\Handlers\FileHandler' driver.
INFO - 2023-08-14 08:46:11 --> Session: Class initialized using 'CodeIgniter\Session\Handlers\FileHandler' driver.
INFO - 2023-08-14 08:46:26 --> Session: Class initialized using 'CodeIgniter\Session\Handlers\FileHandler' driver.
INFO - 2023-08-14 08:47:00 --> Session: Class initialized using 'CodeIgniter\Session\Handlers\FileHandler' driver.
INFO - 2023-08-14 08:47:17 --> Session: Class initialized using 'CodeIgniter\Session\Handlers\FileHandler' driver.
INFO - 2023-08-14 08:47:28 --> Session: Class initialized using 'CodeIgniter\Session\Handlers\FileHandler' driver.
INFO - 2023-08-14 08:47:42 --> Session: Class initialized using 'CodeIgniter\Session\Handlers\FileHandler' driver.
INFO - 2023-08-14 08:47:58 --> Session: Class initialized using 'CodeIgniter\Session\Handlers\FileHandler' driver.
INFO - 2023-08-14 08:48:04 --> Session: Class initialized using 'CodeIgniter\Session\Handlers\FileHandler' driver.
INFO - 2023-08-14 08:48:09 --> Session: Class initialized using 'CodeIgniter\Session\Handlers\FileHandler' driver.
INFO - 2023-08-14 08:49:23 --> Session: Class initialized using 'CodeIgniter\Session\Handlers\FileHandler' driver.
INFO - 2023-08-14 08:49:44 --> Session: Class initialized using 'CodeIgniter\Session\Handlers\FileHandler' driver.
INFO - 2023-08-14 08:50:13 --> Session: Class initialized using 'CodeIgniter\Session\Handlers\FileHandler' driver.
INFO - 2023-08-14 08:50:22 --> Session: Class initialized using 'CodeIgniter\Session\Handlers\FileHandler' driver.
INFO - 2023-08-14 08:50:55 --> Session: Class initialized using 'CodeIgniter\Session\Handlers\FileHandler' driver.
INFO - 2023-08-14 08:51:11 --> Session: Class initialized using 'CodeIgniter\Session\Handlers\FileHandler' driver.
INFO - 2023-08-14 08:51:32 --> Session: Class initialized using 'CodeIgniter\Session\Handlers\FileHandler' driver.
INFO - 2023-08-14 08:51:38 --> Session: Class initialized using 'CodeIgniter\Session\Handlers\FileHandler' driver.
INFO - 2023-08-14 08:51:45 --> Session: Class initialized using 'CodeIgniter\Session\Handlers\FileHandler' driver.
INFO - 2023-08-14 09:49:42 --> Session: Class initialized using 'CodeIgniter\Session\Handlers\FileHandler' driver.
INFO - 2023-08-14 09:52:19 --> Session: Class initialized using 'CodeIgniter\Session\Handlers\FileHandler' driver.
INFO - 2023-08-14 09:55:36 --> Session: Class initialized using 'CodeIgniter\Session\Handlers\FileHandler' driver.
INFO - 2023-08-14 09:56:30 --> Session: Class initialized using 'CodeIgniter\Session\Handlers\FileHandler' driver.
INFO - 2023-08-14 09:57:38 --> Session: Class initialized using 'CodeIgniter\Session\Handlers\FileHandler' driver.
INFO - 2023-08-14 09:57:53 --> Session: Class initialized using 'CodeIgniter\Session\Handlers\FileHandler' driver.
INFO - 2023-08-14 09:59:53 --> Session: Class initialized using 'CodeIgniter\Session\Handlers\FileHandler' driver.
INFO - 2023-08-14 10:00:31 --> Session: Class initialized using 'CodeIgniter\Session\Handlers\FileHandler' driver.
INFO - 2023-08-14 10:02:01 --> Session: Class initialized using 'CodeIgniter\Session\Handlers\FileHandler' driver.
INFO - 2023-08-14 10:02:51 --> Session: Class initialized using 'CodeIgniter\Session\Handlers\FileHandler' driver.
INFO - 2023-08-14 10:06:01 --> Session: Class initialized using 'CodeIgniter\Session\Handlers\FileHandler' driver.
INFO - 2023-08-14 10:06:29 --> Session: Class initialized using 'CodeIgniter\Session\Handlers\FileHandler' driver.
INFO - 2023-08-14 10:06:48 --> Session: Class initialized using 'CodeIgniter\Session\Handlers\FileHandler' driver.
INFO - 2023-08-14 10:07:05 --> Session: Class initialized using 'CodeIgniter\Session\Handlers\FileHandler' driver.
INFO - 2023-08-14 10:07:27 --> Session: Class initialized using 'CodeIgniter\Session\Handlers\FileHandler' driver.
INFO - 2023-08-14 10:07:38 --> Session: Class initialized using 'CodeIgniter\Session\Handlers\FileHandler' driver.
INFO - 2023-08-14 10:07:44 --> Session: Class initialized using 'CodeIgniter\Session\Handlers\FileHandler' driver.
INFO - 2023-08-14 10:08:19 --> Session: Class initialized using 'CodeIgniter\Session\Handlers\FileHandler' driver.
INFO - 2023-08-14 10:08:20 --> Session: Class initialized using 'CodeIgniter\Session\Handlers\FileHandler' driver.
INFO - 2023-08-14 10:08:20 --> Session: Class initialized using 'CodeIgniter\Session\Handlers\FileHandler' driver.
INFO - 2023-08-14 10:08:28 --> Session: Class initialized using 'CodeIgniter\Session\Handlers\FileHandler' driver.
INFO - 2023-08-14 10:08:28 --> Session: Class initialized using 'CodeIgniter\Session\Handlers\FileHandler' driver.
INFO - 2023-08-14 10:08:40 --> Session: Class initialized using 'CodeIgniter\Session\Handlers\FileHandler' driver.
INFO - 2023-08-14 10:08:41 --> Session: Class initialized using 'CodeIgniter\Session\Handlers\FileHandler' driver.
INFO - 2023-08-14 10:08:47 --> Session: Class initialized using 'CodeIgniter\Session\Handlers\FileHandler' driver.
INFO - 2023-08-14 10:22:50 --> Session: Class initialized using 'CodeIgniter\Session\Handlers\FileHandler' driver.
INFO - 2023-08-14 10:22:55 --> Session: Class initialized using 'CodeIgniter\Session\Handlers\FileHandler' driver.
